\BOOKMARK [1][-]{section.1}{\376\377\116\313\176\315}{}% 1
\BOOKMARK [2][-]{subsection.1.1}{\376\377\117\040\176\337\211\304\122\022\145\271\154\325}{section.1}% 2
\BOOKMARK [2][-]{subsection.1.2}{\376\377\127\372\116\216\117\030\123\026\166\204\173\227\154\325}{section.1}% 3
\BOOKMARK [2][-]{subsection.1.3}{\376\377\127\372\116\216\137\072\123\026\133\146\116\140\166\204\145\271\154\325}{section.1}% 4
\BOOKMARK [2][-]{subsection.1.4}{\376\377\147\054\145\207\215\041\163\056}{section.1}% 5
\BOOKMARK [1][-]{section.2}{\376\377\145\271\154\325}{}% 6
\BOOKMARK [2][-]{subsection.2.1}{\376\377\145\340\116\272\217\146\116\016\117\040\141\037\126\150}{section.2}% 7
\BOOKMARK [2][-]{subsection.2.2}{\376\377\127\372\116\216\000F\000A\000S\000T\000-\000L\000I\000O\0002\166\204\121\110\232\214\160\271\116\221\127\060\126\376\166\204\136\372\172\313}{section.2}% 8
\BOOKMARK [2][-]{subsection.2.3}{\376\377\127\372\116\216\123\357\220\032\210\114\213\304\117\060\166\204\160\271\116\221\122\006\122\162}{section.2}% 9
\BOOKMARK [2][-]{subsection.2.4}{\376\377\127\060\227\142\145\340\116\272\217\146\215\357\137\204\211\304\122\022}{section.2}% 10
\BOOKMARK [3][-]{subsubsection.2.4.1}{\376\377\217\146\217\206\123\302\145\160\116\016\217\320\122\250\133\146\136\372\152\041}{subsection.2.4}% 11
\BOOKMARK [3][-]{subsubsection.2.4.2}{\376\377\170\260\144\236\150\300\155\113\116\016\116\343\116\367\127\072\147\204\136\372}{subsection.2.4}% 12
\BOOKMARK [3][-]{subsubsection.2.4.3}{\376\377\232\154\134\024\123\357\131\053\121\263\173\126\217\307\172\013\377\010\000M\000D\000P\377\011\136\372\152\041}{subsection.2.4}% 13
\BOOKMARK [3][-]{subsubsection.2.4.4}{\376\377\127\372\116\216\000C\000N\000N\000-\000P\000D\000D\000Q\000N\166\204\155\361\136\246\137\072\123\026\133\146\116\140\215\357\137\204\211\304\122\022\173\126\165\145}{subsection.2.4}% 14
\BOOKMARK [1][-]{section.3}{\376\377\176\323\147\234\116\016\213\250\213\272}{}% 15
\BOOKMARK [2][-]{subsection.3.1}{\376\377\127\372\121\306\173\227\154\325}{section.3}% 16
\BOOKMARK [2][-]{subsection.3.2}{\376\377\213\304\116\367\143\007\150\007}{section.3}% 17
\BOOKMARK [2][-]{subsection.3.3}{\376\377\116\377\167\037\127\072\146\157\116\013\166\204\133\371\153\324\232\214\213\301}{section.3}% 18
\BOOKMARK [3][-]{subsubsection.3.3.1}{\376\377\225\177\215\357\137\204\133\371\153\324}{subsection.3.3}% 19
\BOOKMARK [3][-]{subsubsection.3.3.2}{\376\377\167\355\215\357\137\204\133\371\153\324}{subsection.3.3}% 20
\BOOKMARK [2][-]{subsection.3.4}{\376\377\167\037\133\236\127\072\146\157\116\013\166\204\133\371\153\324\232\214\213\301}{section.3}% 21
\BOOKMARK [3][-]{subsubsection.3.4.1}{\376\377\167\037\133\236\127\072\146\157\166\204\136\372\172\313}{subsection.3.4}% 22
\BOOKMARK [3][-]{subsubsection.3.4.2}{\376\377\167\037\133\236\127\072\146\157\116\013\166\204\176\323\147\234}{subsection.3.4}% 23
\BOOKMARK [2][-]{subsection.3.5}{\376\377\155\210\207\215\133\236\232\214}{section.3}% 24
\BOOKMARK [3][-]{subsubsection.3.5.1}{\376\377\131\126\122\261\121\375\145\160\213\276\213\241\155\210\207\215}{subsection.3.5}% 25
\BOOKMARK [3][-]{subsubsection.3.5.2}{\376\377\000D\000Q\000N\000+\000M\000P\000C\116\044\226\066\153\265\147\266\147\204\155\210\207\215}{subsection.3.5}% 26
\BOOKMARK [1][-]{section.4}{\376\377\176\323\213\272}{}% 27
\BOOKMARK [1][-]{section*.1}{\376\377\000R\000e\000f\000e\000r\000e\000n\000c\000e\000s}{}% 28
