\BOOKMARK [1][-]{section.1}{\376\377\116\313\176\315}{}% 1
\BOOKMARK [2][-]{subsection.1.1}{\376\377\147\054\145\207\215\041\163\056}{section.1}% 2
\BOOKMARK [1][-]{section.2}{\376\377\166\370\121\163\135\345\117\134}{}% 3
\BOOKMARK [2][-]{subsection.2.1}{\376\377\000U\000G\000V\176\317\121\170\215\357\137\204\211\304\122\022}{section.2}% 4
\BOOKMARK [2][-]{subsection.2.2}{\376\377\127\372\116\216\000D\000R\000L\166\204\133\374\202\052\145\271\154\325}{section.2}% 5
\BOOKMARK [2][-]{subsection.2.3}{\376\377\123\357\220\032\210\114\140\047\213\304\117\060}{section.2}% 6
\BOOKMARK [2][-]{subsection.2.4}{\376\377\140\073\176\323\116\016\147\054\145\207\133\232\117\115}{section.2}% 7
\BOOKMARK [1][-]{section.3}{\376\377\145\271\154\325}{}% 8
\BOOKMARK [2][-]{subsection.3.1}{\376\377\145\340\116\272\217\146\116\016\117\040\141\037\126\150}{section.3}% 9
\BOOKMARK [2][-]{subsection.3.2}{\376\377\127\372\116\216\000F\000A\000S\000T\000-\000L\000I\000O\0002\166\204\121\110\232\214\160\271\116\221\127\060\126\376\166\204\136\372\172\313}{section.3}% 10
\BOOKMARK [2][-]{subsection.3.3}{\376\377\127\372\116\216\123\357\220\032\210\114\213\304\117\060\166\204\160\271\116\221\122\006\122\162}{section.3}% 11
\BOOKMARK [2][-]{subsection.3.4}{\376\377\127\060\227\142\145\340\116\272\217\146\215\357\137\204\211\304\122\022}{section.3}% 12
\BOOKMARK [3][-]{subsubsection.3.4.1}{\376\377\217\146\217\206\123\302\145\160\116\016\217\320\122\250\133\146\136\372\152\041}{subsection.3.4}% 13
\BOOKMARK [3][-]{subsubsection.3.4.2}{\376\377\170\260\144\236\150\300\155\113\116\016\116\343\116\367\127\072\147\204\136\372}{subsection.3.4}% 14
\BOOKMARK [3][-]{subsubsection.3.4.3}{\376\377\232\154\134\024\123\357\131\053\121\263\173\126\217\307\172\013\377\010\000M\000D\000P\377\011\136\372\152\041}{subsection.3.4}% 15
\BOOKMARK [3][-]{subsubsection.3.4.4}{\376\377\000D\000R\000L\173\126\165\145\177\121\176\334\176\323\147\204}{subsection.3.4}% 16
\BOOKMARK [3][-]{subsubsection.3.4.5}{\376\377\000D\000Q\000f\000D\116\023\133\266\230\204\213\255\176\303}{subsection.3.4}% 17
\BOOKMARK [3][-]{subsubsection.3.4.6}{\376\377\213\255\176\303\215\205\123\302\145\160}{subsection.3.4}% 18
\BOOKMARK [1][-]{section.4}{\376\377\133\236\232\214\116\016\176\323\147\234}{}% 19
\BOOKMARK [2][-]{subsection.4.1}{\376\377\133\236\232\214\213\276\177\156}{section.4}% 20
\BOOKMARK [3][-]{subsubsection.4.1.1}{\376\377\116\377\167\037\163\257\130\203}{subsection.4.1}% 21
\BOOKMARK [3][-]{subsubsection.4.1.2}{\376\377\167\037\133\236\147\227\127\060\127\060\126\376}{subsection.4.1}% 22
\BOOKMARK [3][-]{subsubsection.4.1.3}{\376\377\127\372\176\277\173\227\154\325}{subsection.4.1}% 23
\BOOKMARK [3][-]{subsubsection.4.1.4}{\376\377\126\333\152\041\137\017\213\304\117\060\150\106\147\266}{subsection.4.1}% 24
\BOOKMARK [2][-]{subsection.4.2}{\376\377\213\304\116\367\143\007\150\007}{section.4}% 25
\BOOKMARK [2][-]{subsection.4.3}{\376\377\116\377\167\037\127\072\146\157\116\013\166\204\133\371\153\324\232\214\213\301}{section.4}% 26
\BOOKMARK [3][-]{subsubsection.4.3.1}{\376\377\225\177\215\357\137\204\133\371\153\324}{subsection.4.3}% 27
\BOOKMARK [3][-]{subsubsection.4.3.2}{\376\377\167\355\215\357\137\204\133\371\153\324}{subsection.4.3}% 28
\BOOKMARK [2][-]{subsection.4.4}{\376\377\167\037\133\236\127\072\146\157\116\013\166\204\133\371\153\324\232\214\213\301}{section.4}% 29
\BOOKMARK [3][-]{subsubsection.4.4.1}{\376\377\167\037\133\236\127\072\146\157\166\204\136\372\172\313}{subsection.4.4}% 30
\BOOKMARK [3][-]{subsubsection.4.4.2}{\376\377\167\037\133\236\127\072\146\157\116\013\166\204\176\323\147\234}{subsection.4.4}% 31
\BOOKMARK [2][-]{subsection.4.5}{\376\377\155\210\207\215\133\236\232\214}{section.4}% 32
\BOOKMARK [3][-]{subsubsection.4.5.1}{\376\377\122\250\117\134\143\251\170\001\155\210\207\215}{subsection.4.5}% 33
\BOOKMARK [3][-]{subsubsection.4.5.2}{\376\377\131\126\122\261\121\375\145\160\213\276\213\241\155\210\207\215}{subsection.4.5}% 34
\BOOKMARK [3][-]{subsubsection.4.5.3}{\376\377\000D\000Q\000N\000+\000M\000P\000C\116\044\226\066\153\265\147\266\147\204\155\210\207\215}{subsection.4.5}% 35
\BOOKMARK [3][-]{subsubsection.4.5.4}{\376\377\000C\000N\000N\000\040\000v\000s\000\040\000M\000L\000P\162\171\137\201\122\006\147\220}{subsection.4.5}% 36
\BOOKMARK [1][-]{section.5}{\376\377\213\250\213\272}{}% 37
\BOOKMARK [2][-]{subsection.5.1}{\376\377\150\106\147\266\147\011\145\110\140\047\122\006\147\220}{section.5}% 38
\BOOKMARK [2][-]{subsection.5.2}{\376\377\000C\000N\000N\000\040\000v\000s\000\040\000M\000L\000P\166\204\154\333\123\026\135\356\215\335}{section.5}% 39
\BOOKMARK [2][-]{subsection.5.3}{\376\377\213\241\173\227\145\110\163\207\122\006\147\220}{section.5}% 40
\BOOKMARK [2][-]{subsection.5.4}{\376\377\134\100\226\120\140\047}{section.5}% 41
\BOOKMARK [2][-]{subsection.5.5}{\376\377\147\052\147\145\135\345\117\134}{section.5}% 42
\BOOKMARK [1][-]{section.6}{\376\377\176\323\213\272}{}% 43
