\BOOKMARK [1][-]{section.1}{\376\377\137\025\212\000}{}% 1
\BOOKMARK [1][-]{section.2}{\376\377\166\370\121\163\135\345\117\134}{}% 2
\BOOKMARK [2][-]{subsection.2.1}{\376\377\176\317\121\170\215\357\137\204\211\304\122\022}{section.2}% 3
\BOOKMARK [2][-]{subsection.2.2}{\376\377\227\142\124\021\133\374\202\052\166\204\155\361\136\246\137\072\123\026\133\146\116\140}{section.2}% 4
\BOOKMARK [2][-]{subsection.2.3}{\376\377\000R\000L\116\055\166\204\122\250\117\134\143\251\170\001\116\016\133\211\121\150\147\072\122\066}{section.2}% 5
\BOOKMARK [1][-]{section.3}{\376\377\225\356\230\230\136\372\152\041}{}% 6
\BOOKMARK [2][-]{subsection.3.1}{\376\377\217\146\217\206\152\041\127\213}{section.3}% 7
\BOOKMARK [2][-]{subsection.3.2}{\376\377\150\356\147\227\163\257\130\203}{section.3}% 8
\BOOKMARK [2][-]{subsection.3.3}{\376\377\000M\000D\000P\136\372\152\041}{section.3}% 9
\BOOKMARK [1][-]{section.4}{\376\377\145\271\154\325\213\272}{}% 10
\BOOKMARK [2][-]{subsection.4.1}{\376\377\000D\000Q\000N\123\330\117\123\145\317}{section.4}% 11
\BOOKMARK [2][-]{subsection.4.2}{\376\377\131\126\122\261\213\276\213\241}{section.4}% 12
\BOOKMARK [2][-]{subsection.4.3}{\376\377\126\333\226\066\153\265\213\255\176\303\155\101\154\064\176\277}{section.4}% 13
\BOOKMARK [3][-]{subsubsection.4.3.1}{\376\377\226\066\153\265\0001\377\032\116\023\133\266\171\072\117\213\230\204\130\153\121\105}{subsection.4.3}% 14
\BOOKMARK [3][-]{subsubsection.4.3.2}{\376\377\226\066\153\265\0002\377\032\166\321\167\143\230\204\213\255\176\303\377\010\000D\000Q\000f\000D\230\316\150\074\377\011}{subsection.4.3}% 15
\BOOKMARK [3][-]{subsubsection.4.3.3}{\376\377\226\066\153\265\0003\377\032\116\073\213\255\176\303\137\252\163\257}{subsection.4.3}% 16
\BOOKMARK [2][-]{subsection.4.4}{\376\377\131\032\134\102\133\211\121\150\147\072\122\066}{section.4}% 17
\BOOKMARK [1][-]{section.5}{\376\377\133\236\232\214\213\276\177\156}{}% 18
\BOOKMARK [2][-]{subsection.5.1}{\376\377\163\257\130\203\221\115\177\156}{section.5}% 19
\BOOKMARK [2][-]{subsection.5.2}{\376\377\213\255\176\303\221\115\177\156}{section.5}% 20
\BOOKMARK [2][-]{subsection.5.3}{\376\377\213\304\117\060\123\117\213\256}{section.5}% 21
\BOOKMARK [1][-]{section.6}{\376\377\133\236\232\214\176\323\147\234}{}% 22
\BOOKMARK [2][-]{subsection.6.1}{\376\377\213\255\176\303\122\250\140\001}{section.6}% 23
\BOOKMARK [2][-]{subsection.6.2}{\376\377\116\073\211\201\176\323\147\234}{section.6}% 24
\BOOKMARK [2][-]{subsection.6.3}{\376\377\215\357\137\204\123\357\211\306\123\026}{section.6}% 25
\BOOKMARK [2][-]{subsection.6.4}{\376\377\143\247\122\066\146\362\176\277}{section.6}% 26
\BOOKMARK [2][-]{subsection.6.5}{\376\377\147\266\147\204\133\371\153\324}{section.6}% 27
\BOOKMARK [2][-]{subsection.6.6}{\376\377\155\210\207\215\170\024\172\166}{section.6}% 28
\BOOKMARK [3][-]{subsubsection.6.6.1}{\376\377\166\356\150\007\220\273\217\321\131\126\122\261\130\121\137\142}{subsection.6.6}% 29
\BOOKMARK [3][-]{subsubsection.6.6.2}{\376\377\000D\000Q\000N\000+\000M\000P\000C\155\367\124\010\147\266\147\204}{subsection.6.6}% 30
\BOOKMARK [3][-]{subsubsection.6.6.3}{\376\377\213\255\176\303\226\306\145\160\166\204\137\161\124\315}{subsection.6.6}% 31
\BOOKMARK [1][-]{section.7}{\376\377\213\250\213\272}{}% 32
\BOOKMARK [1][-]{section.8}{\376\377\176\323\213\272}{}% 33
\BOOKMARK [1][-]{section*.1}{\376\377\123\302\200\003\145\207\163\056}{}% 34
