\BOOKMARK [1][-]{section.1}{\376\377\000I\000n\000t\000r\000o\000d\000u\000c\000t\000i\000o\000n}{}% 1
\BOOKMARK [1][-]{section.2}{\376\377\000R\000e\000l\000a\000t\000e\000d\000\040\000W\000o\000r\000k}{}% 2
\BOOKMARK [2][-]{subsection.2.1}{\376\377\000C\000l\000a\000s\000s\000i\000c\000a\000l\000\040\000P\000a\000t\000h\000\040\000P\000l\000a\000n\000n\000i\000n\000g}{section.2}% 3
\BOOKMARK [2][-]{subsection.2.2}{\376\377\000D\000e\000e\000p\000\040\000R\000e\000i\000n\000f\000o\000r\000c\000e\000m\000e\000n\000t\000\040\000L\000e\000a\000r\000n\000i\000n\000g\000\040\000f\000o\000r\000\040\000N\000a\000v\000i\000g\000a\000t\000i\000o\000n}{section.2}% 4
\BOOKMARK [2][-]{subsection.2.3}{\376\377\000A\000c\000t\000i\000o\000n\000\040\000M\000a\000s\000k\000i\000n\000g\000\040\000a\000n\000d\000\040\000S\000a\000f\000e\000t\000y\000\040\000i\000n\000\040\000R\000L}{section.2}% 5
\BOOKMARK [1][-]{section.3}{\376\377\000P\000r\000o\000b\000l\000e\000m\000\040\000F\000o\000r\000m\000u\000l\000a\000t\000i\000o\000n}{}% 6
\BOOKMARK [2][-]{subsection.3.1}{\376\377\000V\000e\000h\000i\000c\000l\000e\000\040\000M\000o\000d\000e\000l}{section.3}% 7
\BOOKMARK [2][-]{subsection.3.2}{\376\377\000F\000o\000r\000e\000s\000t\000\040\000E\000n\000v\000i\000r\000o\000n\000m\000e\000n\000t}{section.3}% 8
\BOOKMARK [2][-]{subsection.3.3}{\376\377\000M\000D\000P\000\040\000F\000o\000r\000m\000u\000l\000a\000t\000i\000o\000n}{section.3}% 9
\BOOKMARK [1][-]{section.4}{\376\377\000M\000e\000t\000h\000o\000d\000o\000l\000o\000g\000y}{}% 10
\BOOKMARK [2][-]{subsection.4.1}{\376\377\000D\000Q\000N\000\040\000V\000a\000r\000i\000a\000n\000t\000\040\000F\000a\000m\000i\000l\000y}{section.4}% 11
\BOOKMARK [2][-]{subsection.4.2}{\376\377\000R\000e\000w\000a\000r\000d\000\040\000D\000e\000s\000i\000g\000n}{section.4}% 12
\BOOKMARK [2][-]{subsection.4.3}{\376\377\000F\000o\000u\000r\000-\000S\000t\000a\000g\000e\000\040\000T\000r\000a\000i\000n\000i\000n\000g\000\040\000P\000i\000p\000e\000l\000i\000n\000e}{section.4}% 13
\BOOKMARK [3][-]{subsubsection.4.3.1}{\376\377\000S\000t\000a\000g\000e\000\040\0001\000:\000\040\000E\000x\000p\000e\000r\000t\000\040\000D\000e\000m\000o\000n\000s\000t\000r\000a\000t\000i\000o\000n\000\040\000P\000r\000e\000f\000i\000l\000l\000i\000n\000g}{subsection.4.3}% 14
\BOOKMARK [3][-]{subsubsection.4.3.2}{\376\377\000S\000t\000a\000g\000e\000\040\0002\000:\000\040\000S\000u\000p\000e\000r\000v\000i\000s\000e\000d\000\040\000P\000r\000e\000t\000r\000a\000i\000n\000i\000n\000g\000\040\000\050\000D\000Q\000f\000D\000-\000s\000t\000y\000l\000e\000\051}{subsection.4.3}% 15
\BOOKMARK [3][-]{subsubsection.4.3.3}{\376\377\000S\000t\000a\000g\000e\000\040\0003\000:\000\040\000M\000a\000i\000n\000\040\000T\000r\000a\000i\000n\000i\000n\000g\000\040\000L\000o\000o\000p}{subsection.4.3}% 16
\BOOKMARK [2][-]{subsection.4.4}{\376\377\000M\000u\000l\000t\000i\000-\000L\000e\000v\000e\000l\000\040\000S\000a\000f\000e\000t\000y\000\040\000M\000e\000c\000h\000a\000n\000i\000s\000m}{section.4}% 17
\BOOKMARK [1][-]{section.5}{\376\377\000E\000x\000p\000e\000r\000i\000m\000e\000n\000t\000a\000l\000\040\000S\000e\000t\000u\000p}{}% 18
\BOOKMARK [2][-]{subsection.5.1}{\376\377\000E\000n\000v\000i\000r\000o\000n\000m\000e\000n\000t\000\040\000C\000o\000n\000f\000i\000g\000u\000r\000a\000t\000i\000o\000n}{section.5}% 19
\BOOKMARK [2][-]{subsection.5.2}{\376\377\000T\000r\000a\000i\000n\000i\000n\000g\000\040\000C\000o\000n\000f\000i\000g\000u\000r\000a\000t\000i\000o\000n}{section.5}% 20
\BOOKMARK [2][-]{subsection.5.3}{\376\377\000E\000v\000a\000l\000u\000a\000t\000i\000o\000n\000\040\000P\000r\000o\000t\000o\000c\000o\000l}{section.5}% 21
\BOOKMARK [1][-]{section.6}{\376\377\000R\000e\000s\000u\000l\000t\000s}{}% 22
\BOOKMARK [2][-]{subsection.6.1}{\376\377\000T\000r\000a\000i\000n\000i\000n\000g\000\040\000D\000y\000n\000a\000m\000i\000c\000s}{section.6}% 23
\BOOKMARK [2][-]{subsection.6.2}{\376\377\000M\000a\000i\000n\000\040\000R\000e\000s\000u\000l\000t\000s}{section.6}% 24
\BOOKMARK [2][-]{subsection.6.3}{\376\377\000P\000a\000t\000h\000\040\000V\000i\000s\000u\000a\000l\000i\000z\000a\000t\000i\000o\000n}{section.6}% 25
\BOOKMARK [2][-]{subsection.6.4}{\376\377\000C\000o\000n\000t\000r\000o\000l\000\040\000P\000r\000o\000f\000i\000l\000e\000s}{section.6}% 26
\BOOKMARK [2][-]{subsection.6.5}{\376\377\000A\000r\000c\000h\000i\000t\000e\000c\000t\000u\000r\000e\000\040\000C\000o\000m\000p\000a\000r\000i\000s\000o\000n}{section.6}% 27
\BOOKMARK [2][-]{subsection.6.6}{\376\377\000A\000b\000l\000a\000t\000i\000o\000n\000\040\000S\000t\000u\000d\000i\000e\000s}{section.6}% 28
\BOOKMARK [3][-]{subsubsection.6.6.1}{\376\377\000G\000o\000a\000l\000-\000P\000r\000o\000x\000i\000m\000i\000t\000y\000\040\000R\000e\000w\000a\000r\000d\000\040\000S\000h\000a\000p\000i\000n\000g}{subsection.6.6}% 29
\BOOKMARK [3][-]{subsubsection.6.6.2}{\376\377\000D\000Q\000N\000\040\000+\000\040\000M\000P\000C\000\040\000H\000y\000b\000r\000i\000d\000\040\000A\000r\000c\000h\000i\000t\000e\000c\000t\000u\000r\000e}{subsection.6.6}% 30
\BOOKMARK [3][-]{subsubsection.6.6.3}{\376\377\000E\000f\000f\000e\000c\000t\000\040\000o\000f\000\040\000T\000r\000a\000i\000n\000i\000n\000g\000\040\000D\000u\000r\000a\000t\000i\000o\000n}{subsection.6.6}% 31
\BOOKMARK [1][-]{section.7}{\376\377\000D\000i\000s\000c\000u\000s\000s\000i\000o\000n}{}% 32
\BOOKMARK [1][-]{section.8}{\376\377\000C\000o\000n\000c\000l\000u\000s\000i\000o\000n}{}% 33
\BOOKMARK [1][-]{section*.1}{\376\377\000R\000e\000f\000e\000r\000e\000n\000c\000e\000s}{}% 34
